Flow report for Assignment_6
Thu Apr 03 19:28:28 2014
Quartus II Version 9.1 Build 350 03/24/2010 Service Pack 2 SJ Web Edition


---------------------
; Table of Contents ;
---------------------
  1. Legal Notice
  2. Flow Summary
  3. Flow Settings
  4. Flow Non-Default Global Settings
  5. Flow Elapsed Time
  6. Flow OS Summary
  7. Flow Log



----------------
; Legal Notice ;
----------------
Copyright (C) 1991-2010 Altera Corporation
Your use of Altera Corporation's design tools, logic functions 
and other software and tools, and its AMPP partner logic 
functions, and any output files from any of the foregoing 
(including device programming or simulation files), and any 
associated documentation or information are expressly subject 
to the terms and conditions of the Altera Program License 
Subscription Agreement, Altera MegaCore Function License 
Agreement, or other applicable license agreement, including, 
without limitation, that your use is for the sole purpose of 
programming logic devices manufactured by Altera and sold by 
Altera or its authorized distributors.  Please refer to the 
applicable agreement for further details.



+-----------------------------------------------------------------------------------+
; Flow Summary                                                                      ;
+------------------------------------+----------------------------------------------+
; Flow Status                        ; Successful - Thu Apr 03 19:28:28 2014        ;
; Quartus II Version                 ; 9.1 Build 350 03/24/2010 SP 2 SJ Web Edition ;
; Revision Name                      ; Assignment_6                                 ;
; Top-level Entity Name              ; FullMilitary                                 ;
; Family                             ; Cyclone II                                   ;
; Device                             ; EP2C35F672C6                                 ;
; Timing Models                      ; Final                                        ;
; Met timing requirements            ; No                                           ;
; Total logic elements               ; 496 / 33,216 ( 1 % )                         ;
;     Total combinational functions  ; 488 / 33,216 ( 1 % )                         ;
;     Dedicated logic registers      ; 225 / 33,216 ( < 1 % )                       ;
; Total registers                    ; 225                                          ;
; Total pins                         ; 64 / 475 ( 13 % )                            ;
; Total virtual pins                 ; 0                                            ;
; Total memory bits                  ; 0 / 483,840 ( 0 % )                          ;
; Embedded Multiplier 9-bit elements ; 0 / 70 ( 0 % )                               ;
; Total PLLs                         ; 0 / 4 ( 0 % )                                ;
+------------------------------------+----------------------------------------------+


+-----------------------------------------+
; Flow Settings                           ;
+-------------------+---------------------+
; Option            ; Setting             ;
+-------------------+---------------------+
; Start date & time ; 04/03/2014 19:27:46 ;
; Main task         ; Compilation         ;
; Revision Name     ; Assignment_6        ;
+-------------------+---------------------+


+-------------------------------------------------------------------------------------------------------------------------------------------------------------------+
; Flow Non-Default Global Settings                                                                                                                                  ;
+------------------------------------+------------------------------------------------------------------------------+---------------+--------------+----------------+
; Assignment Name                    ; Value                                                                        ; Default Value ; Entity Name  ; Section Id     ;
+------------------------------------+------------------------------------------------------------------------------+---------------+--------------+----------------+
; COMPILER_SIGNATURE_ID              ; 29489862652806.139656766508180                                               ; --            ; --           ; --             ;
; IP_TOOL_NAME                       ; RAM: 1-PORT                                                                  ; --            ; --           ; --             ;
; IP_TOOL_NAME                       ; LPM_COUNTER                                                                  ; --            ; --           ; --             ;
; IP_TOOL_NAME                       ; LPM_COUNTER                                                                  ; --            ; --           ; --             ;
; IP_TOOL_NAME                       ; LPM_COMPARE                                                                  ; --            ; --           ; --             ;
; IP_TOOL_NAME                       ; LPM_COMPARE                                                                  ; --            ; --           ; --             ;
; IP_TOOL_NAME                       ; LPM_COUNTER                                                                  ; --            ; --           ; --             ;
; IP_TOOL_NAME                       ; LPM_COMPARE                                                                  ; --            ; --           ; --             ;
; IP_TOOL_NAME                       ; LPM_COUNTER                                                                  ; --            ; --           ; --             ;
; IP_TOOL_NAME                       ; LPM_COUNTER                                                                  ; --            ; --           ; --             ;
; IP_TOOL_NAME                       ; LPM_COUNTER                                                                  ; --            ; --           ; --             ;
; IP_TOOL_NAME                       ; LPM_COUNTER                                                                  ; --            ; --           ; --             ;
; IP_TOOL_NAME                       ; LPM_DECODE                                                                   ; --            ; --           ; --             ;
; IP_TOOL_NAME                       ; LPM_MUX                                                                      ; --            ; --           ; --             ;
; IP_TOOL_NAME                       ; LPM_MUX                                                                      ; --            ; --           ; --             ;
; IP_TOOL_NAME                       ; LPM_CONSTANT                                                                 ; --            ; --           ; --             ;
; IP_TOOL_NAME                       ; LPM_CONSTANT                                                                 ; --            ; --           ; --             ;
; IP_TOOL_NAME                       ; LPM_CONSTANT                                                                 ; --            ; --           ; --             ;
; IP_TOOL_NAME                       ; LPM_MUX                                                                      ; --            ; --           ; --             ;
; IP_TOOL_NAME                       ; LPM_CONSTANT                                                                 ; --            ; --           ; --             ;
; IP_TOOL_NAME                       ; LPM_COUNTER                                                                  ; --            ; --           ; --             ;
; IP_TOOL_NAME                       ; LPM_MUX                                                                      ; --            ; --           ; --             ;
; IP_TOOL_NAME                       ; LPM_MUX                                                                      ; --            ; --           ; --             ;
; IP_TOOL_NAME                       ; LPM_CONSTANT                                                                 ; --            ; --           ; --             ;
; IP_TOOL_NAME                       ; LPM_COMPARE                                                                  ; --            ; --           ; --             ;
; IP_TOOL_NAME                       ; LPM_FF                                                                       ; --            ; --           ; --             ;
; IP_TOOL_NAME                       ; LPM_COUNTER                                                                  ; --            ; --           ; --             ;
; IP_TOOL_NAME                       ; LPM_COUNTER                                                                  ; --            ; --           ; --             ;
; IP_TOOL_NAME                       ; LPM_CONSTANT                                                                 ; --            ; --           ; --             ;
; IP_TOOL_NAME                       ; LPM_COMPARE                                                                  ; --            ; --           ; --             ;
; IP_TOOL_NAME                       ; LPM_COUNTER                                                                  ; --            ; --           ; --             ;
; IP_TOOL_VERSION                    ; 9.0                                                                          ; --            ; --           ; --             ;
; IP_TOOL_VERSION                    ; 9.0                                                                          ; --            ; --           ; --             ;
; IP_TOOL_VERSION                    ; 9.1                                                                          ; --            ; --           ; --             ;
; IP_TOOL_VERSION                    ; 9.1                                                                          ; --            ; --           ; --             ;
; IP_TOOL_VERSION                    ; 9.1                                                                          ; --            ; --           ; --             ;
; IP_TOOL_VERSION                    ; 9.1                                                                          ; --            ; --           ; --             ;
; IP_TOOL_VERSION                    ; 9.0                                                                          ; --            ; --           ; --             ;
; IP_TOOL_VERSION                    ; 9.0                                                                          ; --            ; --           ; --             ;
; IP_TOOL_VERSION                    ; 9.0                                                                          ; --            ; --           ; --             ;
; IP_TOOL_VERSION                    ; 9.0                                                                          ; --            ; --           ; --             ;
; IP_TOOL_VERSION                    ; 9.0                                                                          ; --            ; --           ; --             ;
; IP_TOOL_VERSION                    ; 9.1                                                                          ; --            ; --           ; --             ;
; IP_TOOL_VERSION                    ; 9.1                                                                          ; --            ; --           ; --             ;
; IP_TOOL_VERSION                    ; 9.1                                                                          ; --            ; --           ; --             ;
; IP_TOOL_VERSION                    ; 9.1                                                                          ; --            ; --           ; --             ;
; IP_TOOL_VERSION                    ; 9.1                                                                          ; --            ; --           ; --             ;
; IP_TOOL_VERSION                    ; 9.1                                                                          ; --            ; --           ; --             ;
; IP_TOOL_VERSION                    ; 9.1                                                                          ; --            ; --           ; --             ;
; IP_TOOL_VERSION                    ; 9.1                                                                          ; --            ; --           ; --             ;
; IP_TOOL_VERSION                    ; 9.1                                                                          ; --            ; --           ; --             ;
; IP_TOOL_VERSION                    ; 9.1                                                                          ; --            ; --           ; --             ;
; IP_TOOL_VERSION                    ; 9.1                                                                          ; --            ; --           ; --             ;
; IP_TOOL_VERSION                    ; 9.1                                                                          ; --            ; --           ; --             ;
; IP_TOOL_VERSION                    ; 9.1                                                                          ; --            ; --           ; --             ;
; IP_TOOL_VERSION                    ; 9.1                                                                          ; --            ; --           ; --             ;
; IP_TOOL_VERSION                    ; 9.1                                                                          ; --            ; --           ; --             ;
; IP_TOOL_VERSION                    ; 9.1                                                                          ; --            ; --           ; --             ;
; IP_TOOL_VERSION                    ; 9.1                                                                          ; --            ; --           ; --             ;
; IP_TOOL_VERSION                    ; 9.1                                                                          ; --            ; --           ; --             ;
; IP_TOOL_VERSION                    ; 9.1                                                                          ; --            ; --           ; --             ;
; MAX_CORE_JUNCTION_TEMP             ; 85                                                                           ; --            ; --           ; --             ;
; MIN_CORE_JUNCTION_TEMP             ; 0                                                                            ; --            ; --           ; --             ;
; MISC_FILE                          ; N:/Documents/College Homework/CSC 34300/Assignment_6 (copy)/Assignment_6.dpf ; --            ; --           ; --             ;
; MISC_FILE                          ; RAM_1_inst.vhd                                                               ; --            ; --           ; --             ;
; MISC_FILE                          ; RAM_1.inc                                                                    ; --            ; --           ; --             ;
; MISC_FILE                          ; RAM_1.cmp                                                                    ; --            ; --           ; --             ;
; MISC_FILE                          ; FiveKCounter.bsf                                                             ; --            ; --           ; --             ;
; MISC_FILE                          ; FiveKCounter_inst.vhd                                                        ; --            ; --           ; --             ;
; MISC_FILE                          ; FiveKCounter.inc                                                             ; --            ; --           ; --             ;
; MISC_FILE                          ; FiveKCounter.cmp                                                             ; --            ; --           ; --             ;
; MISC_FILE                          ; TENKCounter.bsf                                                              ; --            ; --           ; --             ;
; MISC_FILE                          ; TENKCounter_inst.vhd                                                         ; --            ; --           ; --             ;
; MISC_FILE                          ; TENKCounter.inc                                                              ; --            ; --           ; --             ;
; MISC_FILE                          ; TENKCounter.cmp                                                              ; --            ; --           ; --             ;
; MISC_FILE                          ; Check.bsf                                                                    ; --            ; --           ; --             ;
; MISC_FILE                          ; Check_inst.vhd                                                               ; --            ; --           ; --             ;
; MISC_FILE                          ; Check.inc                                                                    ; --            ; --           ; --             ;
; MISC_FILE                          ; Check.cmp                                                                    ; --            ; --           ; --             ;
; MISC_FILE                          ; TenKCompare.bsf                                                              ; --            ; --           ; --             ;
; MISC_FILE                          ; TenKCompare_inst.vhd                                                         ; --            ; --           ; --             ;
; MISC_FILE                          ; TenKCompare.inc                                                              ; --            ; --           ; --             ;
; MISC_FILE                          ; TenKCompare.cmp                                                              ; --            ; --           ; --             ;
; MISC_FILE                          ; SixCounter.bsf                                                               ; --            ; --           ; --             ;
; MISC_FILE                          ; SixCounter_inst.vhd                                                          ; --            ; --           ; --             ;
; MISC_FILE                          ; SixCounter.inc                                                               ; --            ; --           ; --             ;
; MISC_FILE                          ; SixCounter.cmp                                                               ; --            ; --           ; --             ;
; MISC_FILE                          ; SixCompare.bsf                                                               ; --            ; --           ; --             ;
; MISC_FILE                          ; SixCompare_inst.vhd                                                          ; --            ; --           ; --             ;
; MISC_FILE                          ; SixCompare.inc                                                               ; --            ; --           ; --             ;
; MISC_FILE                          ; SixCompare.cmp                                                               ; --            ; --           ; --             ;
; MISC_FILE                          ; Slow10x.bsf                                                                  ; --            ; --           ; --             ;
; MISC_FILE                          ; Slow10x_inst.vhd                                                             ; --            ; --           ; --             ;
; MISC_FILE                          ; Slow10x.inc                                                                  ; --            ; --           ; --             ;
; MISC_FILE                          ; Slow10x.cmp                                                                  ; --            ; --           ; --             ;
; MISC_FILE                          ; Slow100x.bsf                                                                 ; --            ; --           ; --             ;
; MISC_FILE                          ; Slow100x_inst.vhd                                                            ; --            ; --           ; --             ;
; MISC_FILE                          ; Slow100x.inc                                                                 ; --            ; --           ; --             ;
; MISC_FILE                          ; Slow100x.cmp                                                                 ; --            ; --           ; --             ;
; MISC_FILE                          ; Fast200x.bsf                                                                 ; --            ; --           ; --             ;
; MISC_FILE                          ; Fast200x_inst.vhd                                                            ; --            ; --           ; --             ;
; MISC_FILE                          ; Fast200x.inc                                                                 ; --            ; --           ; --             ;
; MISC_FILE                          ; Fast200x.cmp                                                                 ; --            ; --           ; --             ;
; MISC_FILE                          ; Fast60x.bsf                                                                  ; --            ; --           ; --             ;
; MISC_FILE                          ; Fast60x_inst.vhd                                                             ; --            ; --           ; --             ;
; MISC_FILE                          ; Fast60x.inc                                                                  ; --            ; --           ; --             ;
; MISC_FILE                          ; Fast60x.cmp                                                                  ; --            ; --           ; --             ;
; MISC_FILE                          ; IncSW.bsf                                                                    ; --            ; --           ; --             ;
; MISC_FILE                          ; IncSW_inst.vhd                                                               ; --            ; --           ; --             ;
; MISC_FILE                          ; IncSW.inc                                                                    ; --            ; --           ; --             ;
; MISC_FILE                          ; IncSW.cmp                                                                    ; --            ; --           ; --             ;
; MISC_FILE                          ; SpeedSW.bsf                                                                  ; --            ; --           ; --             ;
; MISC_FILE                          ; SpeedSW_inst.vhd                                                             ; --            ; --           ; --             ;
; MISC_FILE                          ; SpeedSW.inc                                                                  ; --            ; --           ; --             ;
; MISC_FILE                          ; SpeedSW.cmp                                                                  ; --            ; --           ; --             ;
; MISC_FILE                          ; IncSW2.bsf                                                                   ; --            ; --           ; --             ;
; MISC_FILE                          ; IncSW2_inst.vhd                                                              ; --            ; --           ; --             ;
; MISC_FILE                          ; IncSW2.cmp                                                                   ; --            ; --           ; --             ;
; MISC_FILE                          ; Zero.bsf                                                                     ; --            ; --           ; --             ;
; MISC_FILE                          ; Zero_inst.vhd                                                                ; --            ; --           ; --             ;
; MISC_FILE                          ; Zero.inc                                                                     ; --            ; --           ; --             ;
; MISC_FILE                          ; Zero.cmp                                                                     ; --            ; --           ; --             ;
; MISC_FILE                          ; Zero4bit.bsf                                                                 ; --            ; --           ; --             ;
; MISC_FILE                          ; Zero4bit_inst.vhd                                                            ; --            ; --           ; --             ;
; MISC_FILE                          ; Zero4bit.inc                                                                 ; --            ; --           ; --             ;
; MISC_FILE                          ; Zero4bit.cmp                                                                 ; --            ; --           ; --             ;
; MISC_FILE                          ; One.bsf                                                                      ; --            ; --           ; --             ;
; MISC_FILE                          ; One_inst.vhd                                                                 ; --            ; --           ; --             ;
; MISC_FILE                          ; One.inc                                                                      ; --            ; --           ; --             ;
; MISC_FILE                          ; One.cmp                                                                      ; --            ; --           ; --             ;
; MISC_FILE                          ; MUX42.bsf                                                                    ; --            ; --           ; --             ;
; MISC_FILE                          ; MUX42_inst.vhd                                                               ; --            ; --           ; --             ;
; MISC_FILE                          ; MUX42.inc                                                                    ; --            ; --           ; --             ;
; MISC_FILE                          ; MUX42.cmp                                                                    ; --            ; --           ; --             ;
; MISC_FILE                          ; Fourbit1.bsf                                                                 ; --            ; --           ; --             ;
; MISC_FILE                          ; Fourbit1_inst.vhd                                                            ; --            ; --           ; --             ;
; MISC_FILE                          ; Fourbit1.inc                                                                 ; --            ; --           ; --             ;
; MISC_FILE                          ; Fourbit1.cmp                                                                 ; --            ; --           ; --             ;
; MISC_FILE                          ; counter24.bsf                                                                ; --            ; --           ; --             ;
; MISC_FILE                          ; counter24_inst.vhd                                                           ; --            ; --           ; --             ;
; MISC_FILE                          ; counter24.inc                                                                ; --            ; --           ; --             ;
; MISC_FILE                          ; counter24.cmp                                                                ; --            ; --           ; --             ;
; MISC_FILE                          ; Milittie.cmp                                                                 ; --            ; --           ; --             ;
; MISC_FILE                          ; milit.bsf                                                                    ; --            ; --           ; --             ;
; MISC_FILE                          ; milit_inst.vhd                                                               ; --            ; --           ; --             ;
; MISC_FILE                          ; milit.inc                                                                    ; --            ; --           ; --             ;
; MISC_FILE                          ; milit.cmp                                                                    ; --            ; --           ; --             ;
; MISC_FILE                          ; zbitcont.bsf                                                                 ; --            ; --           ; --             ;
; MISC_FILE                          ; zbitcont_inst.vhd                                                            ; --            ; --           ; --             ;
; MISC_FILE                          ; zbitcont.inc                                                                 ; --            ; --           ; --             ;
; MISC_FILE                          ; zbitcont.cmp                                                                 ; --            ; --           ; --             ;
; MISC_FILE                          ; minmax.bsf                                                                   ; --            ; --           ; --             ;
; MISC_FILE                          ; minmax_inst.vhd                                                              ; --            ; --           ; --             ;
; MISC_FILE                          ; minmax.inc                                                                   ; --            ; --           ; --             ;
; MISC_FILE                          ; minmax.cmp                                                                   ; --            ; --           ; --             ;
; MISC_FILE                          ; Store.bsf                                                                    ; --            ; --           ; --             ;
; MISC_FILE                          ; Store_inst.vhd                                                               ; --            ; --           ; --             ;
; MISC_FILE                          ; Store.inc                                                                    ; --            ; --           ; --             ;
; MISC_FILE                          ; Store.cmp                                                                    ; --            ; --           ; --             ;
; MISC_FILE                          ; OneCounter.bsf                                                               ; --            ; --           ; --             ;
; MISC_FILE                          ; OneCounter_inst.vhd                                                          ; --            ; --           ; --             ;
; MISC_FILE                          ; OneCounter.inc                                                               ; --            ; --           ; --             ;
; MISC_FILE                          ; OneCounter.cmp                                                               ; --            ; --           ; --             ;
; MISC_FILE                          ; tTwocnt.bsf                                                                  ; --            ; --           ; --             ;
; MISC_FILE                          ; tTwocnt_inst.vhd                                                             ; --            ; --           ; --             ;
; MISC_FILE                          ; tTwocnt.inc                                                                  ; --            ; --           ; --             ;
; MISC_FILE                          ; tTwocnt.cmp                                                                  ; --            ; --           ; --             ;
; MISC_FILE                          ; ob1.bsf                                                                      ; --            ; --           ; --             ;
; MISC_FILE                          ; ob1_inst.vhd                                                                 ; --            ; --           ; --             ;
; MISC_FILE                          ; ob1.inc                                                                      ; --            ; --           ; --             ;
; MISC_FILE                          ; ob1.cmp                                                                      ; --            ; --           ; --             ;
; MISC_FILE                          ; twocmp.bsf                                                                   ; --            ; --           ; --             ;
; MISC_FILE                          ; twocmp_inst.vhd                                                              ; --            ; --           ; --             ;
; MISC_FILE                          ; twocmp.inc                                                                   ; --            ; --           ; --             ;
; MISC_FILE                          ; twocmp.cmp                                                                   ; --            ; --           ; --             ;
; MISC_FILE                          ; new10.bsf                                                                    ; --            ; --           ; --             ;
; MISC_FILE                          ; new10_inst.vhd                                                               ; --            ; --           ; --             ;
; MISC_FILE                          ; new10.inc                                                                    ; --            ; --           ; --             ;
; MISC_FILE                          ; new10.cmp                                                                    ; --            ; --           ; --             ;
; PARTITION_COLOR                    ; 16764057                                                                     ; --            ; FullMilitary ; Top            ;
; PARTITION_NETLIST_TYPE             ; SOURCE                                                                       ; --            ; FullMilitary ; Top            ;
; TOP_LEVEL_ENTITY                   ; FullMilitary                                                                 ; Assignment_6  ; --           ; --             ;
; USE_GENERATED_PHYSICAL_CONSTRAINTS ; Off                                                                          ; --            ; --           ; eda_blast_fpga ;
+------------------------------------+------------------------------------------------------------------------------+---------------+--------------+----------------+


+-----------------------------------------------------------------------------------------------------------------------------+
; Flow Elapsed Time                                                                                                           ;
+-------------------------+--------------+-------------------------+---------------------+------------------------------------+
; Module Name             ; Elapsed Time ; Average Processors Used ; Peak Virtual Memory ; Total CPU Time (on all processors) ;
+-------------------------+--------------+-------------------------+---------------------+------------------------------------+
; Analysis & Synthesis    ; 00:00:13     ; 1.0                     ; 258 MB              ; 00:00:14                           ;
; Fitter                  ; 00:00:16     ; 1.0                     ; 268 MB              ; 00:00:17                           ;
; Assembler               ; 00:00:05     ; 1.0                     ; 253 MB              ; 00:00:04                           ;
; Classic Timing Analyzer ; 00:00:04     ; 1.0                     ; 162 MB              ; 00:00:05                           ;
; Total                   ; 00:00:38     ; --                      ; --                  ; 00:00:40                           ;
+-------------------------+--------------+-------------------------+---------------------+------------------------------------+


+------------------------------------------------------------------------------------------+
; Flow OS Summary                                                                          ;
+-------------------------+------------------+---------------+------------+----------------+
; Module Name             ; Machine Hostname ; OS Name       ; OS Version ; Processor type ;
+-------------------------+------------------+---------------+------------+----------------+
; Analysis & Synthesis    ; PeterM-Laptop    ; Windows Vista ; 6.2        ; x86_64         ;
; Fitter                  ; PeterM-Laptop    ; Windows Vista ; 6.2        ; x86_64         ;
; Assembler               ; PeterM-Laptop    ; Windows Vista ; 6.2        ; x86_64         ;
; Classic Timing Analyzer ; PeterM-Laptop    ; Windows Vista ; 6.2        ; x86_64         ;
+-------------------------+------------------+---------------+------------+----------------+


------------
; Flow Log ;
------------
quartus_map --read_settings_files=on --write_settings_files=off Assignment_6 -c Assignment_6
quartus_fit --read_settings_files=off --write_settings_files=off Assignment_6 -c Assignment_6
quartus_asm --read_settings_files=off --write_settings_files=off Assignment_6 -c Assignment_6
quartus_tan --read_settings_files=off --write_settings_files=off Assignment_6 -c Assignment_6 --timing_analysis_only



